2024-01-17T04:37:22.508 application=explorer [info] tx/per day chart: collect records for txs per day stats
2024-01-17T04:37:22.508 application=explorer [info] tx/per day chart: earliest date 2024-01-08 00:00:00Z
2024-01-17T04:37:22.508 application=explorer [info] tx/per day chart: latest date 2024-01-08 23:59:59Z
2024-01-17T04:37:22.593 application=explorer [info] tx/per day chart: timestamp cannot be converted to min/max blocks, trying to find min/max blocks through a fallback option}
2024-01-17T04:37:22.599 application=explorer [warn] tx/per day chart: failed to get min/max blocks through a fallback option}
2024-01-17T04:37:22.599 application=explorer [info] tx/per day chart: collect records for txs per day stats
2024-01-17T04:37:22.599 application=explorer [info] tx/per day chart: earliest date 2024-01-09 00:00:00Z
2024-01-17T04:37:22.599 application=explorer [info] tx/per day chart: latest date 2024-01-09 23:59:59Z
2024-01-17T04:37:22.605 application=explorer [info] tx/per day chart: timestamp cannot be converted to min/max blocks, trying to find min/max blocks through a fallback option}
2024-01-17T04:37:22.608 application=explorer [warn] tx/per day chart: failed to get min/max blocks through a fallback option}
2024-01-17T04:37:22.608 application=explorer [info] tx/per day chart: collect records for txs per day stats
2024-01-17T04:37:22.608 application=explorer [info] tx/per day chart: earliest date 2024-01-10 00:00:00Z
2024-01-17T04:37:22.608 application=explorer [info] tx/per day chart: latest date 2024-01-10 23:59:59Z
2024-01-17T04:37:22.614 application=explorer [info] tx/per day chart: timestamp cannot be converted to min/max blocks, trying to find min/max blocks through a fallback option}
2024-01-17T04:37:22.618 application=explorer [warn] tx/per day chart: failed to get min/max blocks through a fallback option}
2024-01-17T04:37:22.618 application=explorer [info] tx/per day chart: collect records for txs per day stats
2024-01-17T04:37:22.618 application=explorer [info] tx/per day chart: earliest date 2024-01-11 00:00:00Z
2024-01-17T04:37:22.618 application=explorer [info] tx/per day chart: latest date 2024-01-11 23:59:59Z
2024-01-17T04:37:22.622 application=explorer [info] tx/per day chart: timestamp cannot be converted to min/max blocks, trying to find min/max blocks through a fallback option}
2024-01-17T04:37:22.628 application=explorer [warn] tx/per day chart: failed to get min/max blocks through a fallback option}
2024-01-17T04:37:22.628 application=explorer [info] tx/per day chart: collect records for txs per day stats
2024-01-17T04:37:22.628 application=explorer [info] tx/per day chart: earliest date 2024-01-12 00:00:00Z
2024-01-17T04:37:22.628 application=explorer [info] tx/per day chart: latest date 2024-01-12 23:59:59Z
2024-01-17T04:37:22.632 application=explorer [info] tx/per day chart: timestamp cannot be converted to min/max blocks, trying to find min/max blocks through a fallback option}
2024-01-17T04:37:22.636 application=explorer [warn] tx/per day chart: failed to get min/max blocks through a fallback option}
2024-01-17T04:37:22.636 application=explorer [info] tx/per day chart: collect records for txs per day stats
2024-01-17T04:37:22.636 application=explorer [info] tx/per day chart: earliest date 2024-01-13 00:00:00Z
2024-01-17T04:37:22.636 application=explorer [info] tx/per day chart: latest date 2024-01-13 23:59:59Z
2024-01-17T04:37:22.641 application=explorer [info] tx/per day chart: timestamp cannot be converted to min/max blocks, trying to find min/max blocks through a fallback option}
2024-01-17T04:37:22.645 application=explorer [warn] tx/per day chart: failed to get min/max blocks through a fallback option}
2024-01-17T04:37:22.645 application=explorer [info] tx/per day chart: collect records for txs per day stats
2024-01-17T04:37:22.646 application=explorer [info] tx/per day chart: earliest date 2024-01-14 00:00:00Z
2024-01-17T04:37:22.646 application=explorer [info] tx/per day chart: latest date 2024-01-14 23:59:59Z
2024-01-17T04:37:22.650 application=explorer [info] tx/per day chart: timestamp cannot be converted to min/max blocks, trying to find min/max blocks through a fallback option}
2024-01-17T04:37:22.653 application=explorer [warn] tx/per day chart: failed to get min/max blocks through a fallback option}
2024-01-17T04:37:22.653 application=explorer [info] tx/per day chart: collect records for txs per day stats
2024-01-17T04:37:22.653 application=explorer [info] tx/per day chart: earliest date 2024-01-15 00:00:00Z
2024-01-17T04:37:22.653 application=explorer [info] tx/per day chart: latest date 2024-01-15 23:59:59Z
2024-01-17T04:37:22.657 application=explorer [info] tx/per day chart: timestamp cannot be converted to min/max blocks, trying to find min/max blocks through a fallback option}
2024-01-17T04:37:22.661 application=explorer [warn] tx/per day chart: failed to get min/max blocks through a fallback option}
2024-01-17T04:37:22.661 application=explorer [info] tx/per day chart: collect records for txs per day stats
2024-01-17T04:37:22.661 application=explorer [info] tx/per day chart: earliest date 2024-01-16 00:00:00Z
2024-01-17T04:37:22.661 application=explorer [info] tx/per day chart: latest date 2024-01-16 23:59:59Z
2024-01-17T04:37:22.665 application=explorer [info] tx/per day chart: timestamp cannot be converted to min/max blocks, trying to find min/max blocks through a fallback option}
2024-01-17T04:37:22.668 application=explorer [warn] tx/per day chart: failed to get min/max blocks through a fallback option}
2024-01-17T04:37:22.668 application=explorer [info] tx/per day chart: collect records for txs per day stats
2024-01-17T04:37:22.668 application=explorer [info] tx/per day chart: records collected [%{date: ~D[2024-01-16], gas_used: 0, number_of_transactions: 0, total_fee: 0}, %{date: ~D[2024-01-15], gas_used: 0, number_of_transactions: 0, total_fee: 0}, %{date: ~D[2024-01-14], gas_used: 0, number_of_transactions: 0, total_fee: 0}, %{date: ~D[2024-01-13], gas_used: 0, number_of_transactions: 0, total_fee: 0}, %{date: ~D[2024-01-12], gas_used: 0, number_of_transactions: 0, total_fee: 0}, %{date: ~D[2024-01-11], gas_used: 0, number_of_transactions: 0, total_fee: 0}, %{date: ~D[2024-01-10], gas_used: 0, number_of_transactions: 0, total_fee: 0}, %{date: ~D[2024-01-09], gas_used: 0, number_of_transactions: 0, total_fee: 0}, %{date: ~D[2024-01-08], gas_used: 0, number_of_transactions: 0, total_fee: 0}]
2024-01-17T04:37:22.668 application=explorer [info] tx/per day chart: save records
2024-01-17T04:37:22.692 application=explorer [info] tx/per day chart: number of inserted 10
2024-01-17T04:37:34.092 application=explorer [info] tx/per day chart: collect records for txs per day stats
2024-01-17T04:37:34.092 application=explorer [info] tx/per day chart: earliest date 2024-01-08 00:00:00Z
2024-01-17T04:37:34.092 application=explorer [info] tx/per day chart: latest date 2024-01-08 23:59:59Z
2024-01-17T04:37:34.206 application=explorer [info] tx/per day chart: timestamp cannot be converted to min/max blocks, trying to find min/max blocks through a fallback option}
2024-01-17T04:37:34.209 application=explorer [warn] tx/per day chart: failed to get min/max blocks through a fallback option}
2024-01-17T04:37:34.209 application=explorer [info] tx/per day chart: collect records for txs per day stats
2024-01-17T04:37:34.209 application=explorer [info] tx/per day chart: earliest date 2024-01-09 00:00:00Z
2024-01-17T04:37:34.209 application=explorer [info] tx/per day chart: latest date 2024-01-09 23:59:59Z
2024-01-17T04:37:34.214 application=explorer [info] tx/per day chart: timestamp cannot be converted to min/max blocks, trying to find min/max blocks through a fallback option}
2024-01-17T04:37:34.217 application=explorer [warn] tx/per day chart: failed to get min/max blocks through a fallback option}
2024-01-17T04:37:34.217 application=explorer [info] tx/per day chart: collect records for txs per day stats
2024-01-17T04:37:34.217 application=explorer [info] tx/per day chart: earliest date 2024-01-10 00:00:00Z
2024-01-17T04:37:34.217 application=explorer [info] tx/per day chart: latest date 2024-01-10 23:59:59Z
2024-01-17T04:37:34.222 application=explorer [info] tx/per day chart: timestamp cannot be converted to min/max blocks, trying to find min/max blocks through a fallback option}
2024-01-17T04:37:34.224 application=explorer [warn] tx/per day chart: failed to get min/max blocks through a fallback option}
2024-01-17T04:37:34.224 application=explorer [info] tx/per day chart: collect records for txs per day stats
2024-01-17T04:37:34.224 application=explorer [info] tx/per day chart: earliest date 2024-01-11 00:00:00Z
2024-01-17T04:37:34.224 application=explorer [info] tx/per day chart: latest date 2024-01-11 23:59:59Z
2024-01-17T04:37:34.228 application=explorer [info] tx/per day chart: timestamp cannot be converted to min/max blocks, trying to find min/max blocks through a fallback option}
2024-01-17T04:37:34.231 application=explorer [warn] tx/per day chart: failed to get min/max blocks through a fallback option}
2024-01-17T04:37:34.231 application=explorer [info] tx/per day chart: collect records for txs per day stats
2024-01-17T04:37:34.231 application=explorer [info] tx/per day chart: earliest date 2024-01-12 00:00:00Z
2024-01-17T04:37:34.231 application=explorer [info] tx/per day chart: latest date 2024-01-12 23:59:59Z
2024-01-17T04:37:34.243 application=explorer [info] tx/per day chart: timestamp cannot be converted to min/max blocks, trying to find min/max blocks through a fallback option}
2024-01-17T04:37:34.246 application=explorer [warn] tx/per day chart: failed to get min/max blocks through a fallback option}
2024-01-17T04:37:34.246 application=explorer [info] tx/per day chart: collect records for txs per day stats
2024-01-17T04:37:34.246 application=explorer [info] tx/per day chart: earliest date 2024-01-13 00:00:00Z
2024-01-17T04:37:34.246 application=explorer [info] tx/per day chart: latest date 2024-01-13 23:59:59Z
2024-01-17T04:37:34.251 application=explorer [info] tx/per day chart: timestamp cannot be converted to min/max blocks, trying to find min/max blocks through a fallback option}
2024-01-17T04:37:34.254 application=explorer [warn] tx/per day chart: failed to get min/max blocks through a fallback option}
2024-01-17T04:37:34.254 application=explorer [info] tx/per day chart: collect records for txs per day stats
2024-01-17T04:37:34.254 application=explorer [info] tx/per day chart: earliest date 2024-01-14 00:00:00Z
2024-01-17T04:37:34.254 application=explorer [info] tx/per day chart: latest date 2024-01-14 23:59:59Z
2024-01-17T04:37:34.269 application=explorer [info] tx/per day chart: timestamp cannot be converted to min/max blocks, trying to find min/max blocks through a fallback option}
2024-01-17T04:37:34.273 application=explorer [warn] tx/per day chart: failed to get min/max blocks through a fallback option}
2024-01-17T04:37:34.273 application=explorer [info] tx/per day chart: collect records for txs per day stats
2024-01-17T04:37:34.273 application=explorer [info] tx/per day chart: earliest date 2024-01-15 00:00:00Z
2024-01-17T04:37:34.273 application=explorer [info] tx/per day chart: latest date 2024-01-15 23:59:59Z
2024-01-17T04:37:34.279 application=explorer [info] tx/per day chart: timestamp cannot be converted to min/max blocks, trying to find min/max blocks through a fallback option}
2024-01-17T04:37:34.288 application=explorer [warn] tx/per day chart: failed to get min/max blocks through a fallback option}
2024-01-17T04:37:34.288 application=explorer [info] tx/per day chart: collect records for txs per day stats
2024-01-17T04:37:34.288 application=explorer [info] tx/per day chart: earliest date 2024-01-16 00:00:00Z
2024-01-17T04:37:34.288 application=explorer [info] tx/per day chart: latest date 2024-01-16 23:59:59Z
2024-01-17T04:37:34.299 application=explorer [info] tx/per day chart: timestamp cannot be converted to min/max blocks, trying to find min/max blocks through a fallback option}
2024-01-17T04:37:34.303 application=explorer [warn] tx/per day chart: failed to get min/max blocks through a fallback option}
2024-01-17T04:37:34.303 application=explorer [info] tx/per day chart: collect records for txs per day stats
2024-01-17T04:37:34.304 application=explorer [info] tx/per day chart: records collected [%{date: ~D[2024-01-16], gas_used: 0, number_of_transactions: 0, total_fee: 0}, %{date: ~D[2024-01-15], gas_used: 0, number_of_transactions: 0, total_fee: 0}, %{date: ~D[2024-01-14], gas_used: 0, number_of_transactions: 0, total_fee: 0}, %{date: ~D[2024-01-13], gas_used: 0, number_of_transactions: 0, total_fee: 0}, %{date: ~D[2024-01-12], gas_used: 0, number_of_transactions: 0, total_fee: 0}, %{date: ~D[2024-01-11], gas_used: 0, number_of_transactions: 0, total_fee: 0}, %{date: ~D[2024-01-10], gas_used: 0, number_of_transactions: 0, total_fee: 0}, %{date: ~D[2024-01-09], gas_used: 0, number_of_transactions: 0, total_fee: 0}, %{date: ~D[2024-01-08], gas_used: 0, number_of_transactions: 0, total_fee: 0}]
2024-01-17T04:37:34.304 application=explorer [info] tx/per day chart: save records
2024-01-17T04:37:34.359 application=explorer [info] tx/per day chart: number of inserted 10
2024-01-17T04:37:44.043 application=explorer [info] tx/per day chart: collect records for txs per day stats
2024-01-17T04:37:44.043 application=explorer [info] tx/per day chart: earliest date 2024-01-08 00:00:00Z
2024-01-17T04:37:44.043 application=explorer [info] tx/per day chart: latest date 2024-01-08 23:59:59Z
2024-01-17T04:37:44.141 application=explorer [info] tx/per day chart: timestamp cannot be converted to min/max blocks, trying to find min/max blocks through a fallback option}
2024-01-17T04:37:44.147 application=explorer [warn] tx/per day chart: failed to get min/max blocks through a fallback option}
2024-01-17T04:37:44.147 application=explorer [info] tx/per day chart: collect records for txs per day stats
2024-01-17T04:37:44.147 application=explorer [info] tx/per day chart: earliest date 2024-01-09 00:00:00Z
2024-01-17T04:37:44.147 application=explorer [info] tx/per day chart: latest date 2024-01-09 23:59:59Z
2024-01-17T04:37:44.153 application=explorer [info] tx/per day chart: timestamp cannot be converted to min/max blocks, trying to find min/max blocks through a fallback option}
2024-01-17T04:37:44.156 application=explorer [warn] tx/per day chart: failed to get min/max blocks through a fallback option}
2024-01-17T04:37:44.156 application=explorer [info] tx/per day chart: collect records for txs per day stats
2024-01-17T04:37:44.156 application=explorer [info] tx/per day chart: earliest date 2024-01-10 00:00:00Z
2024-01-17T04:37:44.156 application=explorer [info] tx/per day chart: latest date 2024-01-10 23:59:59Z
2024-01-17T04:37:44.160 application=explorer [info] tx/per day chart: timestamp cannot be converted to min/max blocks, trying to find min/max blocks through a fallback option}
2024-01-17T04:37:44.163 application=explorer [warn] tx/per day chart: failed to get min/max blocks through a fallback option}
2024-01-17T04:37:44.163 application=explorer [info] tx/per day chart: collect records for txs per day stats
2024-01-17T04:37:44.163 application=explorer [info] tx/per day chart: earliest date 2024-01-11 00:00:00Z
2024-01-17T04:37:44.163 application=explorer [info] tx/per day chart: latest date 2024-01-11 23:59:59Z
2024-01-17T04:37:44.169 application=explorer [info] tx/per day chart: timestamp cannot be converted to min/max blocks, trying to find min/max blocks through a fallback option}
2024-01-17T04:37:44.172 application=explorer [warn] tx/per day chart: failed to get min/max blocks through a fallback option}
2024-01-17T04:37:44.172 application=explorer [info] tx/per day chart: collect records for txs per day stats
2024-01-17T04:37:44.172 application=explorer [info] tx/per day chart: earliest date 2024-01-12 00:00:00Z
2024-01-17T04:37:44.172 application=explorer [info] tx/per day chart: latest date 2024-01-12 23:59:59Z
2024-01-17T04:37:44.178 application=explorer [info] tx/per day chart: timestamp cannot be converted to min/max blocks, trying to find min/max blocks through a fallback option}
2024-01-17T04:37:44.188 application=explorer [warn] tx/per day chart: failed to get min/max blocks through a fallback option}
2024-01-17T04:37:44.188 application=explorer [info] tx/per day chart: collect records for txs per day stats
2024-01-17T04:37:44.188 application=explorer [info] tx/per day chart: earliest date 2024-01-13 00:00:00Z
2024-01-17T04:37:44.188 application=explorer [info] tx/per day chart: latest date 2024-01-13 23:59:59Z
2024-01-17T04:37:44.197 application=explorer [info] tx/per day chart: timestamp cannot be converted to min/max blocks, trying to find min/max blocks through a fallback option}
2024-01-17T04:37:44.201 application=explorer [warn] tx/per day chart: failed to get min/max blocks through a fallback option}
2024-01-17T04:37:44.201 application=explorer [info] tx/per day chart: collect records for txs per day stats
2024-01-17T04:37:44.201 application=explorer [info] tx/per day chart: earliest date 2024-01-14 00:00:00Z
2024-01-17T04:37:44.201 application=explorer [info] tx/per day chart: latest date 2024-01-14 23:59:59Z
2024-01-17T04:37:44.216 application=explorer [info] tx/per day chart: timestamp cannot be converted to min/max blocks, trying to find min/max blocks through a fallback option}
2024-01-17T04:37:44.221 application=explorer [warn] tx/per day chart: failed to get min/max blocks through a fallback option}
2024-01-17T04:37:44.221 application=explorer [info] tx/per day chart: collect records for txs per day stats
2024-01-17T04:37:44.221 application=explorer [info] tx/per day chart: earliest date 2024-01-15 00:00:00Z
2024-01-17T04:37:44.221 application=explorer [info] tx/per day chart: latest date 2024-01-15 23:59:59Z
2024-01-17T04:37:44.229 application=explorer [info] tx/per day chart: timestamp cannot be converted to min/max blocks, trying to find min/max blocks through a fallback option}
2024-01-17T04:37:44.232 application=explorer [warn] tx/per day chart: failed to get min/max blocks through a fallback option}
2024-01-17T04:37:44.232 application=explorer [info] tx/per day chart: collect records for txs per day stats
2024-01-17T04:37:44.233 application=explorer [info] tx/per day chart: earliest date 2024-01-16 00:00:00Z
2024-01-17T04:37:44.233 application=explorer [info] tx/per day chart: latest date 2024-01-16 23:59:59Z
2024-01-17T04:37:44.239 application=explorer [info] tx/per day chart: timestamp cannot be converted to min/max blocks, trying to find min/max blocks through a fallback option}
2024-01-17T04:37:44.250 application=explorer [warn] tx/per day chart: failed to get min/max blocks through a fallback option}
2024-01-17T04:37:44.250 application=explorer [info] tx/per day chart: collect records for txs per day stats
2024-01-17T04:37:44.251 application=explorer [info] tx/per day chart: records collected [%{date: ~D[2024-01-16], gas_used: 0, number_of_transactions: 0, total_fee: 0}, %{date: ~D[2024-01-15], gas_used: 0, number_of_transactions: 0, total_fee: 0}, %{date: ~D[2024-01-14], gas_used: 0, number_of_transactions: 0, total_fee: 0}, %{date: ~D[2024-01-13], gas_used: 0, number_of_transactions: 0, total_fee: 0}, %{date: ~D[2024-01-12], gas_used: 0, number_of_transactions: 0, total_fee: 0}, %{date: ~D[2024-01-11], gas_used: 0, number_of_transactions: 0, total_fee: 0}, %{date: ~D[2024-01-10], gas_used: 0, number_of_transactions: 0, total_fee: 0}, %{date: ~D[2024-01-09], gas_used: 0, number_of_transactions: 0, total_fee: 0}, %{date: ~D[2024-01-08], gas_used: 0, number_of_transactions: 0, total_fee: 0}]
2024-01-17T04:37:44.251 application=explorer [info] tx/per day chart: save records
2024-01-17T04:37:44.260 application=explorer [info] tx/per day chart: number of inserted 10
2024-01-17T04:37:54.197 application=explorer [info] tx/per day chart: collect records for txs per day stats
2024-01-17T04:37:54.197 application=explorer [info] tx/per day chart: earliest date 2024-01-08 00:00:00Z
2024-01-17T04:37:54.197 application=explorer [info] tx/per day chart: latest date 2024-01-08 23:59:59Z
2024-01-17T04:37:54.263 application=explorer [info] tx/per day chart: timestamp cannot be converted to min/max blocks, trying to find min/max blocks through a fallback option}
2024-01-17T04:37:54.266 application=explorer [warn] tx/per day chart: failed to get min/max blocks through a fallback option}
2024-01-17T04:37:54.266 application=explorer [info] tx/per day chart: collect records for txs per day stats
2024-01-17T04:37:54.266 application=explorer [info] tx/per day chart: earliest date 2024-01-09 00:00:00Z
2024-01-17T04:37:54.266 application=explorer [info] tx/per day chart: latest date 2024-01-09 23:59:59Z
2024-01-17T04:37:54.270 application=explorer [info] tx/per day chart: timestamp cannot be converted to min/max blocks, trying to find min/max blocks through a fallback option}
2024-01-17T04:37:54.274 application=explorer [warn] tx/per day chart: failed to get min/max blocks through a fallback option}
2024-01-17T04:37:54.274 application=explorer [info] tx/per day chart: collect records for txs per day stats
2024-01-17T04:37:54.274 application=explorer [info] tx/per day chart: earliest date 2024-01-10 00:00:00Z
2024-01-17T04:37:54.274 application=explorer [info] tx/per day chart: latest date 2024-01-10 23:59:59Z
2024-01-17T04:37:54.278 application=explorer [info] tx/per day chart: timestamp cannot be converted to min/max blocks, trying to find min/max blocks through a fallback option}
2024-01-17T04:37:54.282 application=explorer [warn] tx/per day chart: failed to get min/max blocks through a fallback option}
2024-01-17T04:37:54.282 application=explorer [info] tx/per day chart: collect records for txs per day stats
2024-01-17T04:37:54.282 application=explorer [info] tx/per day chart: earliest date 2024-01-11 00:00:00Z
2024-01-17T04:37:54.282 application=explorer [info] tx/per day chart: latest date 2024-01-11 23:59:59Z
2024-01-17T04:37:54.286 application=explorer [info] tx/per day chart: timestamp cannot be converted to min/max blocks, trying to find min/max blocks through a fallback option}
2024-01-17T04:37:54.290 application=explorer [warn] tx/per day chart: failed to get min/max blocks through a fallback option}
2024-01-17T04:37:54.290 application=explorer [info] tx/per day chart: collect records for txs per day stats
2024-01-17T04:37:54.291 application=explorer [info] tx/per day chart: earliest date 2024-01-12 00:00:00Z
2024-01-17T04:37:54.291 application=explorer [info] tx/per day chart: latest date 2024-01-12 23:59:59Z
2024-01-17T04:37:54.300 application=explorer [info] tx/per day chart: timestamp cannot be converted to min/max blocks, trying to find min/max blocks through a fallback option}
2024-01-17T04:37:54.306 application=explorer [warn] tx/per day chart: failed to get min/max blocks through a fallback option}
2024-01-17T04:37:54.306 application=explorer [info] tx/per day chart: collect records for txs per day stats
2024-01-17T04:37:54.307 application=explorer [info] tx/per day chart: earliest date 2024-01-13 00:00:00Z
2024-01-17T04:37:54.307 application=explorer [info] tx/per day chart: latest date 2024-01-13 23:59:59Z
2024-01-17T04:37:54.312 application=explorer [info] tx/per day chart: timestamp cannot be converted to min/max blocks, trying to find min/max blocks through a fallback option}
2024-01-17T04:37:54.316 application=explorer [warn] tx/per day chart: failed to get min/max blocks through a fallback option}
2024-01-17T04:37:54.316 application=explorer [info] tx/per day chart: collect records for txs per day stats
2024-01-17T04:37:54.316 application=explorer [info] tx/per day chart: earliest date 2024-01-14 00:00:00Z
2024-01-17T04:37:54.317 application=explorer [info] tx/per day chart: latest date 2024-01-14 23:59:59Z
2024-01-17T04:37:54.323 application=explorer [info] tx/per day chart: timestamp cannot be converted to min/max blocks, trying to find min/max blocks through a fallback option}
2024-01-17T04:37:54.339 application=explorer [warn] tx/per day chart: failed to get min/max blocks through a fallback option}
2024-01-17T04:37:54.339 application=explorer [info] tx/per day chart: collect records for txs per day stats
2024-01-17T04:37:54.339 application=explorer [info] tx/per day chart: earliest date 2024-01-15 00:00:00Z
2024-01-17T04:37:54.339 application=explorer [info] tx/per day chart: latest date 2024-01-15 23:59:59Z
2024-01-17T04:37:54.346 application=explorer [info] tx/per day chart: timestamp cannot be converted to min/max blocks, trying to find min/max blocks through a fallback option}
2024-01-17T04:37:54.350 application=explorer [warn] tx/per day chart: failed to get min/max blocks through a fallback option}
2024-01-17T04:37:54.350 application=explorer [info] tx/per day chart: collect records for txs per day stats
2024-01-17T04:37:54.351 application=explorer [info] tx/per day chart: earliest date 2024-01-16 00:00:00Z
2024-01-17T04:37:54.351 application=explorer [info] tx/per day chart: latest date 2024-01-16 23:59:59Z
2024-01-17T04:37:54.364 application=explorer [info] tx/per day chart: timestamp cannot be converted to min/max blocks, trying to find min/max blocks through a fallback option}
2024-01-17T04:37:54.366 application=explorer [warn] tx/per day chart: failed to get min/max blocks through a fallback option}
2024-01-17T04:37:54.366 application=explorer [info] tx/per day chart: collect records for txs per day stats
2024-01-17T04:37:54.367 application=explorer [info] tx/per day chart: records collected [%{date: ~D[2024-01-16], gas_used: 0, number_of_transactions: 0, total_fee: 0}, %{date: ~D[2024-01-15], gas_used: 0, number_of_transactions: 0, total_fee: 0}, %{date: ~D[2024-01-14], gas_used: 0, number_of_transactions: 0, total_fee: 0}, %{date: ~D[2024-01-13], gas_used: 0, number_of_transactions: 0, total_fee: 0}, %{date: ~D[2024-01-12], gas_used: 0, number_of_transactions: 0, total_fee: 0}, %{date: ~D[2024-01-11], gas_used: 0, number_of_transactions: 0, total_fee: 0}, %{date: ~D[2024-01-10], gas_used: 0, number_of_transactions: 0, total_fee: 0}, %{date: ~D[2024-01-09], gas_used: 0, number_of_transactions: 0, total_fee: 0}, %{date: ~D[2024-01-08], gas_used: 0, number_of_transactions: 0, total_fee: 0}]
2024-01-17T04:37:54.367 application=explorer [info] tx/per day chart: save records
2024-01-17T04:37:54.383 application=explorer [info] tx/per day chart: number of inserted 10
2024-01-17T04:38:04.244 application=explorer [info] tx/per day chart: collect records for txs per day stats
2024-01-17T04:38:04.244 application=explorer [info] tx/per day chart: earliest date 2024-01-08 00:00:00Z
2024-01-17T04:38:04.244 application=explorer [info] tx/per day chart: latest date 2024-01-08 23:59:59Z
2024-01-17T04:38:04.349 application=explorer [info] tx/per day chart: timestamp cannot be converted to min/max blocks, trying to find min/max blocks through a fallback option}
2024-01-17T04:38:04.352 application=explorer [warn] tx/per day chart: failed to get min/max blocks through a fallback option}
2024-01-17T04:38:04.352 application=explorer [info] tx/per day chart: collect records for txs per day stats
2024-01-17T04:38:04.352 application=explorer [info] tx/per day chart: earliest date 2024-01-09 00:00:00Z
2024-01-17T04:38:04.352 application=explorer [info] tx/per day chart: latest date 2024-01-09 23:59:59Z
2024-01-17T04:38:04.357 application=explorer [info] tx/per day chart: timestamp cannot be converted to min/max blocks, trying to find min/max blocks through a fallback option}
2024-01-17T04:38:04.360 application=explorer [warn] tx/per day chart: failed to get min/max blocks through a fallback option}
2024-01-17T04:38:04.360 application=explorer [info] tx/per day chart: collect records for txs per day stats
2024-01-17T04:38:04.360 application=explorer [info] tx/per day chart: earliest date 2024-01-10 00:00:00Z
2024-01-17T04:38:04.360 application=explorer [info] tx/per day chart: latest date 2024-01-10 23:59:59Z
2024-01-17T04:38:04.365 application=explorer [info] tx/per day chart: timestamp cannot be converted to min/max blocks, trying to find min/max blocks through a fallback option}
2024-01-17T04:38:04.367 application=explorer [warn] tx/per day chart: failed to get min/max blocks through a fallback option}
2024-01-17T04:38:04.367 application=explorer [info] tx/per day chart: collect records for txs per day stats
2024-01-17T04:38:04.367 application=explorer [info] tx/per day chart: earliest date 2024-01-11 00:00:00Z
2024-01-17T04:38:04.367 application=explorer [info] tx/per day chart: latest date 2024-01-11 23:59:59Z
2024-01-17T04:38:04.371 application=explorer [info] tx/per day chart: timestamp cannot be converted to min/max blocks, trying to find min/max blocks through a fallback option}
2024-01-17T04:38:04.375 application=explorer [warn] tx/per day chart: failed to get min/max blocks through a fallback option}
2024-01-17T04:38:04.375 application=explorer [info] tx/per day chart: collect records for txs per day stats
2024-01-17T04:38:04.375 application=explorer [info] tx/per day chart: earliest date 2024-01-12 00:00:00Z
2024-01-17T04:38:04.375 application=explorer [info] tx/per day chart: latest date 2024-01-12 23:59:59Z
2024-01-17T04:38:04.381 application=explorer [info] tx/per day chart: timestamp cannot be converted to min/max blocks, trying to find min/max blocks through a fallback option}
2024-01-17T04:38:04.386 application=explorer [warn] tx/per day chart: failed to get min/max blocks through a fallback option}
2024-01-17T04:38:04.386 application=explorer [info] tx/per day chart: collect records for txs per day stats
2024-01-17T04:38:04.386 application=explorer [info] tx/per day chart: earliest date 2024-01-13 00:00:00Z
2024-01-17T04:38:04.388 application=explorer [info] tx/per day chart: latest date 2024-01-13 23:59:59Z
2024-01-17T04:38:04.397 application=explorer [info] tx/per day chart: timestamp cannot be converted to min/max blocks, trying to find min/max blocks through a fallback option}
2024-01-17T04:38:04.400 application=explorer [warn] tx/per day chart: failed to get min/max blocks through a fallback option}
2024-01-17T04:38:04.400 application=explorer [info] tx/per day chart: collect records for txs per day stats
2024-01-17T04:38:04.400 application=explorer [info] tx/per day chart: earliest date 2024-01-14 00:00:00Z
2024-01-17T04:38:04.401 application=explorer [info] tx/per day chart: latest date 2024-01-14 23:59:59Z
2024-01-17T04:38:04.407 application=explorer [info] tx/per day chart: timestamp cannot be converted to min/max blocks, trying to find min/max blocks through a fallback option}
2024-01-17T04:38:04.418 application=explorer [warn] tx/per day chart: failed to get min/max blocks through a fallback option}
2024-01-17T04:38:04.418 application=explorer [info] tx/per day chart: collect records for txs per day stats
2024-01-17T04:38:04.418 application=explorer [info] tx/per day chart: earliest date 2024-01-15 00:00:00Z
2024-01-17T04:38:04.418 application=explorer [info] tx/per day chart: latest date 2024-01-15 23:59:59Z
2024-01-17T04:38:04.426 application=explorer [info] tx/per day chart: timestamp cannot be converted to min/max blocks, trying to find min/max blocks through a fallback option}
2024-01-17T04:38:04.431 application=explorer [warn] tx/per day chart: failed to get min/max blocks through a fallback option}
2024-01-17T04:38:04.431 application=explorer [info] tx/per day chart: collect records for txs per day stats
2024-01-17T04:38:04.431 application=explorer [info] tx/per day chart: earliest date 2024-01-16 00:00:00Z
2024-01-17T04:38:04.431 application=explorer [info] tx/per day chart: latest date 2024-01-16 23:59:59Z
2024-01-17T04:38:04.447 application=explorer [info] tx/per day chart: timestamp cannot be converted to min/max blocks, trying to find min/max blocks through a fallback option}
2024-01-17T04:38:04.451 application=explorer [warn] tx/per day chart: failed to get min/max blocks through a fallback option}
2024-01-17T04:38:04.451 application=explorer [info] tx/per day chart: collect records for txs per day stats
2024-01-17T04:38:04.451 application=explorer [info] tx/per day chart: records collected [%{date: ~D[2024-01-16], gas_used: 0, number_of_transactions: 0, total_fee: 0}, %{date: ~D[2024-01-15], gas_used: 0, number_of_transactions: 0, total_fee: 0}, %{date: ~D[2024-01-14], gas_used: 0, number_of_transactions: 0, total_fee: 0}, %{date: ~D[2024-01-13], gas_used: 0, number_of_transactions: 0, total_fee: 0}, %{date: ~D[2024-01-12], gas_used: 0, number_of_transactions: 0, total_fee: 0}, %{date: ~D[2024-01-11], gas_used: 0, number_of_transactions: 0, total_fee: 0}, %{date: ~D[2024-01-10], gas_used: 0, number_of_transactions: 0, total_fee: 0}, %{date: ~D[2024-01-09], gas_used: 0, number_of_transactions: 0, total_fee: 0}, %{date: ~D[2024-01-08], gas_used: 0, number_of_transactions: 0, total_fee: 0}]
2024-01-17T04:38:04.451 application=explorer [info] tx/per day chart: save records
2024-01-17T04:38:04.462 application=explorer [info] tx/per day chart: number of inserted 10
2024-01-17T04:38:14.516 application=explorer [info] tx/per day chart: collect records for txs per day stats
2024-01-17T04:38:14.516 application=explorer [info] tx/per day chart: earliest date 2024-01-08 00:00:00Z
2024-01-17T04:38:14.516 application=explorer [info] tx/per day chart: latest date 2024-01-08 23:59:59Z
2024-01-17T04:38:14.616 application=explorer [info] tx/per day chart: timestamp cannot be converted to min/max blocks, trying to find min/max blocks through a fallback option}
2024-01-17T04:38:14.620 application=explorer [warn] tx/per day chart: failed to get min/max blocks through a fallback option}
2024-01-17T04:38:14.620 application=explorer [info] tx/per day chart: collect records for txs per day stats
2024-01-17T04:38:14.620 application=explorer [info] tx/per day chart: earliest date 2024-01-09 00:00:00Z
2024-01-17T04:38:14.620 application=explorer [info] tx/per day chart: latest date 2024-01-09 23:59:59Z
2024-01-17T04:38:14.625 application=explorer [info] tx/per day chart: timestamp cannot be converted to min/max blocks, trying to find min/max blocks through a fallback option}
2024-01-17T04:38:14.628 application=explorer [warn] tx/per day chart: failed to get min/max blocks through a fallback option}
2024-01-17T04:38:14.628 application=explorer [info] tx/per day chart: collect records for txs per day stats
2024-01-17T04:38:14.628 application=explorer [info] tx/per day chart: earliest date 2024-01-10 00:00:00Z
2024-01-17T04:38:14.628 application=explorer [info] tx/per day chart: latest date 2024-01-10 23:59:59Z
2024-01-17T04:38:14.633 application=explorer [info] tx/per day chart: timestamp cannot be converted to min/max blocks, trying to find min/max blocks through a fallback option}
2024-01-17T04:38:14.636 application=explorer [warn] tx/per day chart: failed to get min/max blocks through a fallback option}
2024-01-17T04:38:14.636 application=explorer [info] tx/per day chart: collect records for txs per day stats
2024-01-17T04:38:14.636 application=explorer [info] tx/per day chart: earliest date 2024-01-11 00:00:00Z
2024-01-17T04:38:14.636 application=explorer [info] tx/per day chart: latest date 2024-01-11 23:59:59Z
2024-01-17T04:38:14.641 application=explorer [info] tx/per day chart: timestamp cannot be converted to min/max blocks, trying to find min/max blocks through a fallback option}
2024-01-17T04:38:14.644 application=explorer [warn] tx/per day chart: failed to get min/max blocks through a fallback option}
2024-01-17T04:38:14.644 application=explorer [info] tx/per day chart: collect records for txs per day stats
2024-01-17T04:38:14.644 application=explorer [info] tx/per day chart: earliest date 2024-01-12 00:00:00Z
2024-01-17T04:38:14.644 application=explorer [info] tx/per day chart: latest date 2024-01-12 23:59:59Z
2024-01-17T04:38:14.649 application=explorer [info] tx/per day chart: timestamp cannot be converted to min/max blocks, trying to find min/max blocks through a fallback option}
2024-01-17T04:38:14.654 application=explorer [warn] tx/per day chart: failed to get min/max blocks through a fallback option}
2024-01-17T04:38:14.654 application=explorer [info] tx/per day chart: collect records for txs per day stats
2024-01-17T04:38:14.654 application=explorer [info] tx/per day chart: earliest date 2024-01-13 00:00:00Z
2024-01-17T04:38:14.654 application=explorer [info] tx/per day chart: latest date 2024-01-13 23:59:59Z
2024-01-17T04:38:14.664 application=explorer [info] tx/per day chart: timestamp cannot be converted to min/max blocks, trying to find min/max blocks through a fallback option}
2024-01-17T04:38:14.669 application=explorer [warn] tx/per day chart: failed to get min/max blocks through a fallback option}
2024-01-17T04:38:14.669 application=explorer [info] tx/per day chart: collect records for txs per day stats
2024-01-17T04:38:14.669 application=explorer [info] tx/per day chart: earliest date 2024-01-14 00:00:00Z
2024-01-17T04:38:14.669 application=explorer [info] tx/per day chart: latest date 2024-01-14 23:59:59Z
2024-01-17T04:38:14.676 application=explorer [info] tx/per day chart: timestamp cannot be converted to min/max blocks, trying to find min/max blocks through a fallback option}
2024-01-17T04:38:14.680 application=explorer [warn] tx/per day chart: failed to get min/max blocks through a fallback option}
2024-01-17T04:38:14.680 application=explorer [info] tx/per day chart: collect records for txs per day stats
2024-01-17T04:38:14.680 application=explorer [info] tx/per day chart: earliest date 2024-01-15 00:00:00Z
2024-01-17T04:38:14.680 application=explorer [info] tx/per day chart: latest date 2024-01-15 23:59:59Z
2024-01-17T04:38:14.688 application=explorer [info] tx/per day chart: timestamp cannot be converted to min/max blocks, trying to find min/max blocks through a fallback option}
2024-01-17T04:38:14.695 application=explorer [warn] tx/per day chart: failed to get min/max blocks through a fallback option}
2024-01-17T04:38:14.695 application=explorer [info] tx/per day chart: collect records for txs per day stats
2024-01-17T04:38:14.695 application=explorer [info] tx/per day chart: earliest date 2024-01-16 00:00:00Z
2024-01-17T04:38:14.695 application=explorer [info] tx/per day chart: latest date 2024-01-16 23:59:59Z
2024-01-17T04:38:14.702 application=explorer [info] tx/per day chart: timestamp cannot be converted to min/max blocks, trying to find min/max blocks through a fallback option}
2024-01-17T04:38:14.707 application=explorer [warn] tx/per day chart: failed to get min/max blocks through a fallback option}
2024-01-17T04:38:14.707 application=explorer [info] tx/per day chart: collect records for txs per day stats
2024-01-17T04:38:14.708 application=explorer [info] tx/per day chart: records collected [%{date: ~D[2024-01-16], gas_used: 0, number_of_transactions: 0, total_fee: 0}, %{date: ~D[2024-01-15], gas_used: 0, number_of_transactions: 0, total_fee: 0}, %{date: ~D[2024-01-14], gas_used: 0, number_of_transactions: 0, total_fee: 0}, %{date: ~D[2024-01-13], gas_used: 0, number_of_transactions: 0, total_fee: 0}, %{date: ~D[2024-01-12], gas_used: 0, number_of_transactions: 0, total_fee: 0}, %{date: ~D[2024-01-11], gas_used: 0, number_of_transactions: 0, total_fee: 0}, %{date: ~D[2024-01-10], gas_used: 0, number_of_transactions: 0, total_fee: 0}, %{date: ~D[2024-01-09], gas_used: 0, number_of_transactions: 0, total_fee: 0}, %{date: ~D[2024-01-08], gas_used: 0, number_of_transactions: 0, total_fee: 0}]
2024-01-17T04:38:14.708 application=explorer [info] tx/per day chart: save records
2024-01-17T04:38:14.718 application=explorer [info] tx/per day chart: number of inserted 10
2024-01-17T04:38:26.430 application=explorer [info] tx/per day chart: collect records for txs per day stats
2024-01-17T04:38:26.430 application=explorer [info] tx/per day chart: earliest date 2024-01-08 00:00:00Z
2024-01-17T04:38:26.431 application=explorer [info] tx/per day chart: latest date 2024-01-08 23:59:59Z
2024-01-17T04:38:26.520 application=explorer [info] tx/per day chart: timestamp cannot be converted to min/max blocks, trying to find min/max blocks through a fallback option}
2024-01-17T04:38:26.523 application=explorer [warn] tx/per day chart: failed to get min/max blocks through a fallback option}
2024-01-17T04:38:26.524 application=explorer [info] tx/per day chart: collect records for txs per day stats
2024-01-17T04:38:26.524 application=explorer [info] tx/per day chart: earliest date 2024-01-09 00:00:00Z
2024-01-17T04:38:26.524 application=explorer [info] tx/per day chart: latest date 2024-01-09 23:59:59Z
2024-01-17T04:38:26.529 application=explorer [info] tx/per day chart: timestamp cannot be converted to min/max blocks, trying to find min/max blocks through a fallback option}
2024-01-17T04:38:26.531 application=explorer [warn] tx/per day chart: failed to get min/max blocks through a fallback option}
2024-01-17T04:38:26.531 application=explorer [info] tx/per day chart: collect records for txs per day stats
2024-01-17T04:38:26.531 application=explorer [info] tx/per day chart: earliest date 2024-01-10 00:00:00Z
2024-01-17T04:38:26.531 application=explorer [info] tx/per day chart: latest date 2024-01-10 23:59:59Z
2024-01-17T04:38:26.536 application=explorer [info] tx/per day chart: timestamp cannot be converted to min/max blocks, trying to find min/max blocks through a fallback option}
2024-01-17T04:38:26.540 application=explorer [warn] tx/per day chart: failed to get min/max blocks through a fallback option}
2024-01-17T04:38:26.540 application=explorer [info] tx/per day chart: collect records for txs per day stats
2024-01-17T04:38:26.540 application=explorer [info] tx/per day chart: earliest date 2024-01-11 00:00:00Z
2024-01-17T04:38:26.540 application=explorer [info] tx/per day chart: latest date 2024-01-11 23:59:59Z
2024-01-17T04:38:26.544 application=explorer [info] tx/per day chart: timestamp cannot be converted to min/max blocks, trying to find min/max blocks through a fallback option}
2024-01-17T04:38:26.547 application=explorer [warn] tx/per day chart: failed to get min/max blocks through a fallback option}
2024-01-17T04:38:26.547 application=explorer [info] tx/per day chart: collect records for txs per day stats
2024-01-17T04:38:26.547 application=explorer [info] tx/per day chart: earliest date 2024-01-12 00:00:00Z
2024-01-17T04:38:26.547 application=explorer [info] tx/per day chart: latest date 2024-01-12 23:59:59Z
2024-01-17T04:38:26.555 application=explorer [info] tx/per day chart: timestamp cannot be converted to min/max blocks, trying to find min/max blocks through a fallback option}
2024-01-17T04:38:26.563 application=explorer [warn] tx/per day chart: failed to get min/max blocks through a fallback option}
2024-01-17T04:38:26.564 application=explorer [info] tx/per day chart: collect records for txs per day stats
2024-01-17T04:38:26.564 application=explorer [info] tx/per day chart: earliest date 2024-01-13 00:00:00Z
2024-01-17T04:38:26.564 application=explorer [info] tx/per day chart: latest date 2024-01-13 23:59:59Z
2024-01-17T04:38:26.571 application=explorer [info] tx/per day chart: timestamp cannot be converted to min/max blocks, trying to find min/max blocks through a fallback option}
2024-01-17T04:38:26.576 application=explorer [warn] tx/per day chart: failed to get min/max blocks through a fallback option}
2024-01-17T04:38:26.576 application=explorer [info] tx/per day chart: collect records for txs per day stats
2024-01-17T04:38:26.576 application=explorer [info] tx/per day chart: earliest date 2024-01-14 00:00:00Z
2024-01-17T04:38:26.576 application=explorer [info] tx/per day chart: latest date 2024-01-14 23:59:59Z
2024-01-17T04:38:26.582 application=explorer [info] tx/per day chart: timestamp cannot be converted to min/max blocks, trying to find min/max blocks through a fallback option}
2024-01-17T04:38:26.588 application=explorer [warn] tx/per day chart: failed to get min/max blocks through a fallback option}
2024-01-17T04:38:26.588 application=explorer [info] tx/per day chart: collect records for txs per day stats
2024-01-17T04:38:26.588 application=explorer [info] tx/per day chart: earliest date 2024-01-15 00:00:00Z
2024-01-17T04:38:26.588 application=explorer [info] tx/per day chart: latest date 2024-01-15 23:59:59Z
2024-01-17T04:38:26.599 application=explorer [info] tx/per day chart: timestamp cannot be converted to min/max blocks, trying to find min/max blocks through a fallback option}
2024-01-17T04:38:26.604 application=explorer [warn] tx/per day chart: failed to get min/max blocks through a fallback option}
2024-01-17T04:38:26.605 application=explorer [info] tx/per day chart: collect records for txs per day stats
2024-01-17T04:38:26.605 application=explorer [info] tx/per day chart: earliest date 2024-01-16 00:00:00Z
2024-01-17T04:38:26.605 application=explorer [info] tx/per day chart: latest date 2024-01-16 23:59:59Z
2024-01-17T04:38:26.610 application=explorer [info] tx/per day chart: timestamp cannot be converted to min/max blocks, trying to find min/max blocks through a fallback option}
2024-01-17T04:38:26.615 application=explorer [warn] tx/per day chart: failed to get min/max blocks through a fallback option}
2024-01-17T04:38:26.615 application=explorer [info] tx/per day chart: collect records for txs per day stats
2024-01-17T04:38:26.615 application=explorer [info] tx/per day chart: records collected [%{date: ~D[2024-01-16], gas_used: 0, number_of_transactions: 0, total_fee: 0}, %{date: ~D[2024-01-15], gas_used: 0, number_of_transactions: 0, total_fee: 0}, %{date: ~D[2024-01-14], gas_used: 0, number_of_transactions: 0, total_fee: 0}, %{date: ~D[2024-01-13], gas_used: 0, number_of_transactions: 0, total_fee: 0}, %{date: ~D[2024-01-12], gas_used: 0, number_of_transactions: 0, total_fee: 0}, %{date: ~D[2024-01-11], gas_used: 0, number_of_transactions: 0, total_fee: 0}, %{date: ~D[2024-01-10], gas_used: 0, number_of_transactions: 0, total_fee: 0}, %{date: ~D[2024-01-09], gas_used: 0, number_of_transactions: 0, total_fee: 0}, %{date: ~D[2024-01-08], gas_used: 0, number_of_transactions: 0, total_fee: 0}]
2024-01-17T04:38:26.615 application=explorer [info] tx/per day chart: save records
2024-01-17T04:38:26.634 application=explorer [info] tx/per day chart: number of inserted 10
2024-01-17T04:38:42.110 application=explorer [info] tx/per day chart: collect records for txs per day stats
2024-01-17T04:38:42.112 application=explorer [info] tx/per day chart: earliest date 2024-01-08 00:00:00Z
2024-01-17T04:38:42.112 application=explorer [info] tx/per day chart: latest date 2024-01-08 23:59:59Z
2024-01-17T04:38:42.240 application=explorer [info] tx/per day chart: timestamp cannot be converted to min/max blocks, trying to find min/max blocks through a fallback option}
2024-01-17T04:38:42.245 application=explorer [warn] tx/per day chart: failed to get min/max blocks through a fallback option}
2024-01-17T04:38:42.245 application=explorer [info] tx/per day chart: collect records for txs per day stats
2024-01-17T04:38:42.245 application=explorer [info] tx/per day chart: earliest date 2024-01-09 00:00:00Z
2024-01-17T04:38:42.245 application=explorer [info] tx/per day chart: latest date 2024-01-09 23:59:59Z
2024-01-17T04:38:42.255 application=explorer [info] tx/per day chart: timestamp cannot be converted to min/max blocks, trying to find min/max blocks through a fallback option}
2024-01-17T04:38:42.258 application=explorer [warn] tx/per day chart: failed to get min/max blocks through a fallback option}
2024-01-17T04:38:42.258 application=explorer [info] tx/per day chart: collect records for txs per day stats
2024-01-17T04:38:42.258 application=explorer [info] tx/per day chart: earliest date 2024-01-10 00:00:00Z
2024-01-17T04:38:42.258 application=explorer [info] tx/per day chart: latest date 2024-01-10 23:59:59Z
2024-01-17T04:38:42.264 application=explorer [info] tx/per day chart: timestamp cannot be converted to min/max blocks, trying to find min/max blocks through a fallback option}
2024-01-17T04:38:42.267 application=explorer [warn] tx/per day chart: failed to get min/max blocks through a fallback option}
2024-01-17T04:38:42.267 application=explorer [info] tx/per day chart: collect records for txs per day stats
2024-01-17T04:38:42.267 application=explorer [info] tx/per day chart: earliest date 2024-01-11 00:00:00Z
2024-01-17T04:38:42.268 application=explorer [info] tx/per day chart: latest date 2024-01-11 23:59:59Z
2024-01-17T04:38:42.273 application=explorer [info] tx/per day chart: timestamp cannot be converted to min/max blocks, trying to find min/max blocks through a fallback option}
2024-01-17T04:38:42.280 application=explorer [warn] tx/per day chart: failed to get min/max blocks through a fallback option}
2024-01-17T04:38:42.280 application=explorer [info] tx/per day chart: collect records for txs per day stats
2024-01-17T04:38:42.280 application=explorer [info] tx/per day chart: earliest date 2024-01-12 00:00:00Z
2024-01-17T04:38:42.280 application=explorer [info] tx/per day chart: latest date 2024-01-12 23:59:59Z
2024-01-17T04:38:42.296 application=explorer [info] tx/per day chart: timestamp cannot be converted to min/max blocks, trying to find min/max blocks through a fallback option}
2024-01-17T04:38:42.301 application=explorer [warn] tx/per day chart: failed to get min/max blocks through a fallback option}
2024-01-17T04:38:42.301 application=explorer [info] tx/per day chart: collect records for txs per day stats
2024-01-17T04:38:42.301 application=explorer [info] tx/per day chart: earliest date 2024-01-13 00:00:00Z
2024-01-17T04:38:42.301 application=explorer [info] tx/per day chart: latest date 2024-01-13 23:59:59Z
2024-01-17T04:38:42.310 application=explorer [info] tx/per day chart: timestamp cannot be converted to min/max blocks, trying to find min/max blocks through a fallback option}
2024-01-17T04:38:42.315 application=explorer [warn] tx/per day chart: failed to get min/max blocks through a fallback option}
2024-01-17T04:38:42.315 application=explorer [info] tx/per day chart: collect records for txs per day stats
2024-01-17T04:38:42.315 application=explorer [info] tx/per day chart: earliest date 2024-01-14 00:00:00Z
2024-01-17T04:38:42.315 application=explorer [info] tx/per day chart: latest date 2024-01-14 23:59:59Z
2024-01-17T04:38:42.321 application=explorer [info] tx/per day chart: timestamp cannot be converted to min/max blocks, trying to find min/max blocks through a fallback option}
2024-01-17T04:38:42.334 application=explorer [warn] tx/per day chart: failed to get min/max blocks through a fallback option}
2024-01-17T04:38:42.334 application=explorer [info] tx/per day chart: collect records for txs per day stats
2024-01-17T04:38:42.334 application=explorer [info] tx/per day chart: earliest date 2024-01-15 00:00:00Z
2024-01-17T04:38:42.334 application=explorer [info] tx/per day chart: latest date 2024-01-15 23:59:59Z
2024-01-17T04:38:42.351 application=explorer [info] tx/per day chart: timestamp cannot be converted to min/max blocks, trying to find min/max blocks through a fallback option}
2024-01-17T04:38:42.360 application=explorer [warn] tx/per day chart: failed to get min/max blocks through a fallback option}
2024-01-17T04:38:42.360 application=explorer [info] tx/per day chart: collect records for txs per day stats
2024-01-17T04:38:42.360 application=explorer [info] tx/per day chart: earliest date 2024-01-16 00:00:00Z
2024-01-17T04:38:42.360 application=explorer [info] tx/per day chart: latest date 2024-01-16 23:59:59Z
2024-01-17T04:38:42.367 application=explorer [info] tx/per day chart: timestamp cannot be converted to min/max blocks, trying to find min/max blocks through a fallback option}
2024-01-17T04:38:42.372 application=explorer [warn] tx/per day chart: failed to get min/max blocks through a fallback option}
2024-01-17T04:38:42.372 application=explorer [info] tx/per day chart: collect records for txs per day stats
2024-01-17T04:38:42.372 application=explorer [info] tx/per day chart: records collected [%{date: ~D[2024-01-16], gas_used: 0, number_of_transactions: 0, total_fee: 0}, %{date: ~D[2024-01-15], gas_used: 0, number_of_transactions: 0, total_fee: 0}, %{date: ~D[2024-01-14], gas_used: 0, number_of_transactions: 0, total_fee: 0}, %{date: ~D[2024-01-13], gas_used: 0, number_of_transactions: 0, total_fee: 0}, %{date: ~D[2024-01-12], gas_used: 0, number_of_transactions: 0, total_fee: 0}, %{date: ~D[2024-01-11], gas_used: 0, number_of_transactions: 0, total_fee: 0}, %{date: ~D[2024-01-10], gas_used: 0, number_of_transactions: 0, total_fee: 0}, %{date: ~D[2024-01-09], gas_used: 0, number_of_transactions: 0, total_fee: 0}, %{date: ~D[2024-01-08], gas_used: 0, number_of_transactions: 0, total_fee: 0}]
2024-01-17T04:38:42.372 application=explorer [info] tx/per day chart: save records
2024-01-17T04:38:42.425 application=explorer [info] tx/per day chart: number of inserted 10
2024-01-17T04:39:03.965 application=explorer [info] tx/per day chart: collect records for txs per day stats
2024-01-17T04:39:03.965 application=explorer [info] tx/per day chart: earliest date 2024-01-08 00:00:00Z
2024-01-17T04:39:03.965 application=explorer [info] tx/per day chart: latest date 2024-01-08 23:59:59Z
2024-01-17T04:39:04.076 application=explorer [info] tx/per day chart: timestamp cannot be converted to min/max blocks, trying to find min/max blocks through a fallback option}
2024-01-17T04:39:04.080 application=explorer [warn] tx/per day chart: failed to get min/max blocks through a fallback option}
2024-01-17T04:39:04.080 application=explorer [info] tx/per day chart: collect records for txs per day stats
2024-01-17T04:39:04.080 application=explorer [info] tx/per day chart: earliest date 2024-01-09 00:00:00Z
2024-01-17T04:39:04.080 application=explorer [info] tx/per day chart: latest date 2024-01-09 23:59:59Z
2024-01-17T04:39:04.085 application=explorer [info] tx/per day chart: timestamp cannot be converted to min/max blocks, trying to find min/max blocks through a fallback option}
2024-01-17T04:39:04.089 application=explorer [warn] tx/per day chart: failed to get min/max blocks through a fallback option}
2024-01-17T04:39:04.089 application=explorer [info] tx/per day chart: collect records for txs per day stats
2024-01-17T04:39:04.089 application=explorer [info] tx/per day chart: earliest date 2024-01-10 00:00:00Z
2024-01-17T04:39:04.089 application=explorer [info] tx/per day chart: latest date 2024-01-10 23:59:59Z
2024-01-17T04:39:04.093 application=explorer [info] tx/per day chart: timestamp cannot be converted to min/max blocks, trying to find min/max blocks through a fallback option}
2024-01-17T04:39:04.096 application=explorer [warn] tx/per day chart: failed to get min/max blocks through a fallback option}
2024-01-17T04:39:04.096 application=explorer [info] tx/per day chart: collect records for txs per day stats
2024-01-17T04:39:04.096 application=explorer [info] tx/per day chart: earliest date 2024-01-11 00:00:00Z
2024-01-17T04:39:04.096 application=explorer [info] tx/per day chart: latest date 2024-01-11 23:59:59Z
2024-01-17T04:39:04.102 application=explorer [info] tx/per day chart: timestamp cannot be converted to min/max blocks, trying to find min/max blocks through a fallback option}
2024-01-17T04:39:04.105 application=explorer [warn] tx/per day chart: failed to get min/max blocks through a fallback option}
2024-01-17T04:39:04.105 application=explorer [info] tx/per day chart: collect records for txs per day stats
2024-01-17T04:39:04.105 application=explorer [info] tx/per day chart: earliest date 2024-01-12 00:00:00Z
2024-01-17T04:39:04.105 application=explorer [info] tx/per day chart: latest date 2024-01-12 23:59:59Z
2024-01-17T04:39:04.113 application=explorer [info] tx/per day chart: timestamp cannot be converted to min/max blocks, trying to find min/max blocks through a fallback option}
2024-01-17T04:39:04.124 application=explorer [warn] tx/per day chart: failed to get min/max blocks through a fallback option}
2024-01-17T04:39:04.124 application=explorer [info] tx/per day chart: collect records for txs per day stats
2024-01-17T04:39:04.124 application=explorer [info] tx/per day chart: earliest date 2024-01-13 00:00:00Z
2024-01-17T04:39:04.124 application=explorer [info] tx/per day chart: latest date 2024-01-13 23:59:59Z
2024-01-17T04:39:04.130 application=explorer [info] tx/per day chart: timestamp cannot be converted to min/max blocks, trying to find min/max blocks through a fallback option}
2024-01-17T04:39:04.133 application=explorer [warn] tx/per day chart: failed to get min/max blocks through a fallback option}
2024-01-17T04:39:04.133 application=explorer [info] tx/per day chart: collect records for txs per day stats
2024-01-17T04:39:04.133 application=explorer [info] tx/per day chart: earliest date 2024-01-14 00:00:00Z
2024-01-17T04:39:04.134 application=explorer [info] tx/per day chart: latest date 2024-01-14 23:59:59Z
2024-01-17T04:39:04.144 application=explorer [info] tx/per day chart: timestamp cannot be converted to min/max blocks, trying to find min/max blocks through a fallback option}
2024-01-17T04:39:04.153 application=explorer [warn] tx/per day chart: failed to get min/max blocks through a fallback option}
2024-01-17T04:39:04.153 application=explorer [info] tx/per day chart: collect records for txs per day stats
2024-01-17T04:39:04.153 application=explorer [info] tx/per day chart: earliest date 2024-01-15 00:00:00Z
2024-01-17T04:39:04.153 application=explorer [info] tx/per day chart: latest date 2024-01-15 23:59:59Z
2024-01-17T04:39:04.163 application=explorer [info] tx/per day chart: timestamp cannot be converted to min/max blocks, trying to find min/max blocks through a fallback option}
2024-01-17T04:39:04.168 application=explorer [warn] tx/per day chart: failed to get min/max blocks through a fallback option}
2024-01-17T04:39:04.168 application=explorer [info] tx/per day chart: collect records for txs per day stats
2024-01-17T04:39:04.168 application=explorer [info] tx/per day chart: earliest date 2024-01-16 00:00:00Z
2024-01-17T04:39:04.168 application=explorer [info] tx/per day chart: latest date 2024-01-16 23:59:59Z
2024-01-17T04:39:04.176 application=explorer [info] tx/per day chart: timestamp cannot be converted to min/max blocks, trying to find min/max blocks through a fallback option}
2024-01-17T04:39:04.183 application=explorer [warn] tx/per day chart: failed to get min/max blocks through a fallback option}
2024-01-17T04:39:04.183 application=explorer [info] tx/per day chart: collect records for txs per day stats
2024-01-17T04:39:04.183 application=explorer [info] tx/per day chart: records collected [%{date: ~D[2024-01-16], gas_used: 0, number_of_transactions: 0, total_fee: 0}, %{date: ~D[2024-01-15], gas_used: 0, number_of_transactions: 0, total_fee: 0}, %{date: ~D[2024-01-14], gas_used: 0, number_of_transactions: 0, total_fee: 0}, %{date: ~D[2024-01-13], gas_used: 0, number_of_transactions: 0, total_fee: 0}, %{date: ~D[2024-01-12], gas_used: 0, number_of_transactions: 0, total_fee: 0}, %{date: ~D[2024-01-11], gas_used: 0, number_of_transactions: 0, total_fee: 0}, %{date: ~D[2024-01-10], gas_used: 0, number_of_transactions: 0, total_fee: 0}, %{date: ~D[2024-01-09], gas_used: 0, number_of_transactions: 0, total_fee: 0}, %{date: ~D[2024-01-08], gas_used: 0, number_of_transactions: 0, total_fee: 0}]
2024-01-17T04:39:04.183 application=explorer [info] tx/per day chart: save records
2024-01-17T04:39:04.204 application=explorer [info] tx/per day chart: number of inserted 10
